#
# A fatal error has been detected by the Java Runtime Environment:
#
#  EXCEPTION_ACCESS_VIOLATION (0xc0000005) at pc=0x0000000064e8eac0, pid=1756, tid=3284
#
# JRE version: Java(TM) SE Runtime Environment (8.0_25-b18) (build 1.8.0_25-b18)
# Java VM: Java HotSpot(TM) 64-Bit Server VM (25.25-b02 mixed mode windows-amd64 compressed oops)
# Problematic frame:
# V  [jvm.dll+0x5eac0]
#
# Failed to write core dump. Minidumps are not enabled by default on client versions of Windows
#
# If you would like to submit a bug report, please visit:
#   http://bugreport.sun.com/bugreport/crash.jsp
#

---------------  T H R E A D  ---------------

Current thread (0x0000000057165800):  VMThread [stack: 0x0000000058230000,0x0000000058330000] [id=3284]

siginfo: ExceptionCode=0xc0000005, reading address 0x000000000000003c

Registers:
RAX=0x000000000000003c, RBX=0x0000000058bef200, RCX=0x0000000000000000, RDX=0x000000005d990040
RSP=0x000000005832f938, RBP=0x00000000570556d0, RSI=0x000000006506e4f0, RDI=0x0000000016910428
R8 =0x00000000001f41ed, R9 =0x0000000001000000, R10=0x0000000000000000, R11=0x000000005832f938
R12=0x0000000057055aa8, R13=0x00000000000003d8, R14=0x00000000570556d0, R15=0x0000000057055aa8
RIP=0x0000000064e8eac0, EFLAGS=0x0000000000010202

Top of Stack: (sp=0x000000005832f938)
0x000000005832f938:   000000006506e12f 0000000057165800
0x000000005832f948:   a09208d800000000 0000000016910028
0x000000005832f958:   0000000016910028 0000000059dc3bd0
0x000000005832f968:   000000006506e509 0000000016910428
0x000000005832f978:   000000006506e4f0 0000000057055aa8
0x000000005832f988:   0000000058bef200 0000000058bef230
0x000000005832f998:   0000000064e88385 0000000000000003
0x000000005832f9a8:   0000000000000000 0000000058bef200
0x000000005832f9b8:   00000000570556d0 0000000058bef200
0x000000005832f9c8:   000000006506e663 0000000058bef230
0x000000005832f9d8:   00000000570556c0 0000000057055aa8
0x000000005832f9e8:   00000000570556d0 0000000065431288
0x000000005832f9f8:   0000000058bef200 0000000000000100
0x000000005832fa08:   0000000000000000 0000000000000048
0x000000005832fa18:   000007fe00000000 0000000000000000
0x000000005832fa28:   0000000000000100 0000000000000000 

Instructions: (pc=0x0000000064e8eac0)
0x0000000064e8eaa0:   04 08 c3 cc cc cc cc cc cc cc cc cc cc cc cc cc
0x0000000064e8eab0:   80 3d 91 58 77 00 00 48 63 05 e6 d4 75 00 74 1e
0x0000000064e8eac0:   8b 14 08 85 d2 75 03 33 c0 c3 8b 0d 68 da 70 00
0x0000000064e8ead0:   48 8b c2 48 d3 e0 48 03 05 53 da 70 00 c3 48 8b 


Register to memory mapping:

RAX=0x000000000000003c is an unknown value
RBX=0x0000000058bef200 is pointing into the stack for thread: 0x00000000571d4000
RCX=0x0000000000000000 is an unknown value
RDX=0x000000005d990040 is an unknown value
RSP=0x000000005832f938 is an unknown value
RBP=0x00000000570556d0 is an unknown value
RSI=0x000000006506e4f0 is an unknown value
RDI=0x0000000016910428 is pointing into metadata
R8 =0x00000000001f41ed is an unknown value
R9 =0x0000000001000000 is an unknown value
R10=0x0000000000000000 is an unknown value
R11=0x000000005832f938 is an unknown value
R12=0x0000000057055aa8 is an unknown value
R13=0x00000000000003d8 is an unknown value
R14=0x00000000570556d0 is an unknown value
R15=0x0000000057055aa8 is an unknown value


Stack: [0x0000000058230000,0x0000000058330000],  sp=0x000000005832f938,  free space=1022k
Native frames: (J=compiled Java code, j=interpreted, Vv=VM code, C=native code)
V  [jvm.dll+0x5eac0]

VM_Operation (0x0000000058bef230): HeapDumper, mode: safepoint, requested by thread 0x00000000571d4000


---------------  P R O C E S S  ---------------

Java Threads: ( => current thread )
  0x0000000059ee1000 JavaThread "RMI TCP Connection(idle)" daemon [_thread_blocked, id=5792, stack(0x000000005c440000,0x000000005c540000)]
  0x0000000059ee0800 JavaThread "RMI TCP Connection(6)-192.168.1.175" daemon [_thread_blocked, id=2140, stack(0x000000005d890000,0x000000005d990000)]
  0x0000000059edf800 JavaThread "RMI TCP Connection(3)-192.168.1.175" daemon [_thread_blocked, id=5944, stack(0x000000005b4e0000,0x000000005b5e0000)]
  0x0000000059edf000 JavaThread "RMI TCP Connection(4)-192.168.1.175" daemon [_thread_blocked, id=4408, stack(0x000000005c0d0000,0x000000005c1d0000)]
  0x0000000059c08000 JavaThread "JMX server connection timeout 21" daemon [_thread_blocked, id=5488, stack(0x000000005bf20000,0x000000005c020000)]
  0x0000000059c72800 JavaThread "RMI Scheduler(0)" daemon [_thread_blocked, id=4056, stack(0x000000005bd20000,0x000000005be20000)]
  0x000000005aafb000 JavaThread "RMI TCP Connection(5)-192.168.1.175" daemon [_thread_blocked, id=6092, stack(0x000000005b920000,0x000000005ba20000)]
  0x0000000059b10000 JavaThread "RMI TCP Accept-0" daemon [_thread_blocked, id=4064, stack(0x000000005bb20000,0x000000005bc20000)]
  0x00000000003ce800 JavaThread "DestroyJavaVM" [_thread_blocked, id=1216, stack(0x00000000021d0000,0x00000000022d0000)]
  0x000000005873e000 JavaThread "pool-2-thread-1" [_thread_blocked, id=5840, stack(0x00000000599f0000,0x0000000059af0000)]
  0x00000000586bf000 JavaThread "pool-1-thread-4" [_thread_blocked, id=3100, stack(0x0000000058fc0000,0x00000000590c0000)]
  0x00000000586b8800 JavaThread "pool-1-thread-3" [_thread_blocked, id=3132, stack(0x0000000059800000,0x0000000059900000)]
  0x00000000586b3800 JavaThread "pool-1-thread-2" [_thread_blocked, id=5380, stack(0x0000000058db0000,0x0000000058eb0000)]
  0x00000000586af000 JavaThread "pool-1-thread-1" [_thread_blocked, id=4952, stack(0x0000000059600000,0x0000000059700000)]
  0x000000005869b000 JavaThread "Abandoned connection cleanup thread" daemon [_thread_blocked, id=5980, stack(0x00000000594b0000,0x00000000595b0000)]
  0x00000000585d4000 JavaThread "Service Thread" daemon [_thread_blocked, id=3744, stack(0x0000000059140000,0x0000000059240000)]
  0x00000000571df000 JavaThread "C1 CompilerThread2" daemon [_thread_blocked, id=5948, stack(0x0000000058eb0000,0x0000000058fb0000)]
  0x0000000058577800 JavaThread "C2 CompilerThread1" daemon [_thread_blocked, id=1028, stack(0x0000000058c90000,0x0000000058d90000)]
  0x0000000058572800 JavaThread "C2 CompilerThread0" daemon [_thread_blocked, id=3604, stack(0x0000000058350000,0x0000000058450000)]
  0x00000000571d4000 JavaThread "Attach Listener" daemon [_thread_blocked, id=3928, stack(0x0000000058af0000,0x0000000058bf0000)]
  0x00000000571d1000 JavaThread "Signal Dispatcher" daemon [_thread_blocked, id=4340, stack(0x0000000058990000,0x0000000058a90000)]
  0x0000000057174800 JavaThread "Finalizer" daemon [_thread_blocked, id=2544, stack(0x0000000058120000,0x0000000058220000)]
  0x000000005716b800 JavaThread "Reference Handler" daemon [_thread_blocked, id=4452, stack(0x0000000058470000,0x0000000058570000)]

Other Threads:
=>0x0000000057165800 VMThread [stack: 0x0000000058230000,0x0000000058330000] [id=3284]
  0x00000000585d7800 WatcherThread [stack: 0x00000000592d0000,0x00000000593d0000] [id=2792]

VM state:at safepoint (normal execution)

VM Mutex/Monitor currently owned by a thread:  ([mutex/lock_event])
[0x00000000003cc8c0] Threads_lock - owner thread: 0x0000000057165800
[0x00000000003ccdc0] Heap_lock - owner thread: 0x00000000571d4000

Heap:
 PSYoungGen      total 311296K, used 297471K [0x00000000d8100000, 0x00000000ec080000, 0x0000000100000000)
  eden space 297472K, 99% used [0x00000000d8100000,0x00000000ea37ffc0,0x00000000ea380000)
  from space 13824K, 0% used [0x00000000eb300000,0x00000000eb300000,0x00000000ec080000)
  to   space 14848K, 0% used [0x00000000ea380000,0x00000000ea380000,0x00000000eb200000)
 ParOldGen       total 1309696K, used 1309234K [0x0000000088200000, 0x00000000d8100000, 0x00000000d8100000)
  object space 1309696K, 99% used [0x0000000088200000,0x00000000d808ca30,0x00000000d8100000)
 Metaspace       used 11929K, capacity 12148K, committed 12416K, reserved 1060864K
  class space    used 1234K, capacity 1301K, committed 1408K, reserved 1048576K

Card table byte_map: [0x0000000011a30000,0x0000000011df0000] byte_map_base: 0x00000000115ef000

Marking Bits: (ParMarkBitMap*) 0x000000006560d490
 Begin Bits: [0x0000000012830000, 0x0000000014628000)
 End Bits:   [0x0000000014628000, 0x0000000016420000)

Polling page: 0x0000000000220000

CodeCache: size=245760Kb used=7874Kb max_used=7897Kb free=237885Kb
 bounds [0x0000000002670000, 0x0000000002e40000, 0x0000000011670000]
 total_blobs=2274 nmethods=1881 adapters=306
 compilation: enabled

Compilation events (10 events):
Event: 287.597 Thread 0x00000000571df000 2200   !   3       javax.management.remote.rmi.RMIConnectionImpl::getAttributes (164 bytes)
Event: 290.696 Thread 0x00000000571df000 nmethod 2200 0x0000000002a2bd10 code [0x0000000002a2c180, 0x0000000002a2f2d8]
Event: 290.696 Thread 0x00000000571df000 2201       3       com.sun.jmx.mbeanserver.JmxMBeanServer::getAttributes (16 bytes)
Event: 290.697 Thread 0x00000000571df000 nmethod 2201 0x0000000002b3d190 code [0x0000000002b3d360, 0x0000000002b3da08]
Event: 291.138 Thread 0x00000000571df000 2202   !   3       com.sun.jmx.interceptor.DefaultMBeanServerInterceptor::getAttributes (249 bytes)
Event: 295.709 Thread 0x0000000058572800 2204       4       com.mysql.jdbc.Buffer::readLong (90 bytes)
Event: 295.710 Thread 0x0000000058572800 nmethod 2204 0x0000000002e33d90 code [0x0000000002e33ec0, 0x0000000002e33fb8]
Event: 298.219 Thread 0x00000000571df000 nmethod 2202 0x0000000002a26890 code [0x0000000002a26d80, 0x0000000002a29b18]
Event: 369.452 Thread 0x00000000571df000 2206       1       java.lang.ref.Reference::access$100 (4 bytes)
Event: 373.039 Thread 0x00000000571df000 nmethod 2206 0x0000000002b0a810 code [0x0000000002b0a960, 0x0000000002b0aa50]

GC Heap History (10 events):
Event: 440.234 GC heap before
{Heap before GC invocations=818 (full 709):
 PSYoungGen      total 311296K, used 297471K [0x00000000d8100000, 0x00000000ec080000, 0x0000000100000000)
  eden space 297472K, 99% used [0x00000000d8100000,0x00000000ea37fff8,0x00000000ea380000)
  from space 13824K, 0% used [0x00000000eb300000,0x00000000eb300000,0x00000000ec080000)
  to   space 14848K, 0% used [0x00000000ea380000,0x00000000ea380000,0x00000000eb200000)
 ParOldGen       total 1309696K, used 1309250K [0x0000000088200000, 0x00000000d8100000, 0x00000000d8100000)
  object space 1309696K, 99% used [0x0000000088200000,0x00000000d8090a50,0x00000000d8100000)
 Metaspace       used 11929K, capacity 12148K, committed 12416K, reserved 1060864K
  class space    used 1234K, capacity 1301K, committed 1408K, reserved 1048576K
Event: 440.671 GC heap after
Heap after GC invocations=818 (full 709):
 PSYoungGen      total 311296K, used 297471K [0x00000000d8100000, 0x00000000ec080000, 0x0000000100000000)
  eden space 297472K, 99% used [0x00000000d8100000,0x00000000ea37fd88,0x00000000ea380000)
  from space 13824K, 0% used [0x00000000eb300000,0x00000000eb300000,0x00000000ec080000)
  to   space 14848K, 0% used [0x00000000ea380000,0x00000000ea380000,0x00000000eb200000)
 ParOldGen       total 1309696K, used 1309234K [0x0000000088200000, 0x00000000d8100000, 0x00000000d8100000)
  object space 1309696K, 99% used [0x0000000088200000,0x00000000d808cbc0,0x00000000d8100000)
 Metaspace       used 11929K, capacity 12148K, committed 12416K, reserved 1060864K
  class space    used 1234K, capacity 1301K, committed 1408K, reserved 1048576K
}
Event: 440.671 GC heap before
{Heap before GC invocations=819 (full 710):
 PSYoungGen      total 311296K, used 297472K [0x00000000d8100000, 0x00000000ec080000, 0x0000000100000000)
  eden space 297472K, 100% used [0x00000000d8100000,0x00000000ea380000,0x00000000ea380000)
  from space 13824K, 0% used [0x00000000eb300000,0x00000000eb300000,0x00000000ec080000)
  to   space 14848K, 0% used [0x00000000ea380000,0x00000000ea380000,0x00000000eb200000)
 ParOldGen       total 1309696K, used 1309234K [0x0000000088200000, 0x00000000d8100000, 0x00000000d8100000)
  object space 1309696K, 99% used [0x0000000088200000,0x00000000d808cbc0,0x00000000d8100000)
 Metaspace       used 11929K, capacity 12148K, committed 12416K, reserved 1060864K
  class space    used 1234K, capacity 1301K, committed 1408K, reserved 1048576K
Event: 441.114 GC heap after
Heap after GC invocations=819 (full 710):
 PSYoungGen      total 311296K, used 297471K [0x00000000d8100000, 0x00000000ec080000, 0x0000000100000000)
  eden space 297472K, 99% used [0x00000000d8100000,0x00000000ea37fd50,0x00000000ea380000)
  from space 13824K, 0% used [0x00000000eb300000,0x00000000eb300000,0x00000000ec080000)
  to   space 14848K, 0% used [0x00000000ea380000,0x00000000ea380000,0x00000000eb200000)
 ParOldGen       total 1309696K, used 1309234K [0x0000000088200000, 0x00000000d8100000, 0x00000000d8100000)
  object space 1309696K, 99% used [0x0000000088200000,0x00000000d808c998,0x00000000d8100000)
 Metaspace       used 11929K, capacity 12148K, committed 12416K, reserved 1060864K
  class space    used 1234K, capacity 1301K, committed 1408K, reserved 1048576K
}
Event: 441.115 GC heap before
{Heap before GC invocations=820 (full 711):
 PSYoungGen      total 311296K, used 297472K [0x00000000d8100000, 0x00000000ec080000, 0x0000000100000000)
  eden space 297472K, 100% used [0x00000000d8100000,0x00000000ea380000,0x00000000ea380000)
  from space 13824K, 0% used [0x00000000eb300000,0x00000000eb300000,0x00000000ec080000)
  to   space 14848K, 0% used [0x00000000ea380000,0x00000000ea380000,0x00000000eb200000)
 ParOldGen       total 1309696K, used 1309234K [0x0000000088200000, 0x00000000d8100000, 0x00000000d8100000)
  object space 1309696K, 99% used [0x0000000088200000,0x00000000d808c998,0x00000000d8100000)
 Metaspace       used 11929K, capacity 12148K, committed 12416K, reserved 1060864K
  class space    used 1234K, capacity 1301K, committed 1408K, reserved 1048576K
Event: 441.568 GC heap after
Heap after GC invocations=820 (full 711):
 PSYoungGen      total 311296K, used 297471K [0x00000000d8100000, 0x00000000ec080000, 0x0000000100000000)
  eden space 297472K, 99% used [0x00000000d8100000,0x00000000ea37fe68,0x00000000ea380000)
  from space 13824K, 0% used [0x00000000eb300000,0x00000000eb300000,0x00000000ec080000)
  to   space 14848K, 0% used [0x00000000ea380000,0x00000000ea380000,0x00000000eb200000)
 ParOldGen       total 1309696K, used 1309234K [0x0000000088200000, 0x00000000d8100000, 0x00000000d8100000)
  object space 1309696K, 99% used [0x0000000088200000,0x00000000d808c940,0x00000000d8100000)
 Metaspace       used 11929K, capacity 12148K, committed 12416K, reserved 1060864K
  class space    used 1234K, capacity 1301K, committed 1408K, reserved 1048576K
}
Event: 441.569 GC heap before
{Heap before GC invocations=821 (full 712):
 PSYoungGen      total 311296K, used 297472K [0x00000000d8100000, 0x00000000ec080000, 0x0000000100000000)
  eden space 297472K, 100% used [0x00000000d8100000,0x00000000ea380000,0x00000000ea380000)
  from space 13824K, 0% used [0x00000000eb300000,0x00000000eb300000,0x00000000ec080000)
  to   space 14848K, 0% used [0x00000000ea380000,0x00000000ea380000,0x00000000eb200000)
 ParOldGen       total 1309696K, used 1309234K [0x0000000088200000, 0x00000000d8100000, 0x00000000d8100000)
  object space 1309696K, 99% used [0x0000000088200000,0x00000000d808c940,0x00000000d8100000)
 Metaspace       used 11929K, capacity 12148K, committed 12416K, reserved 1060864K
  class space    used 1234K, capacity 1301K, committed 1408K, reserved 1048576K
Event: 442.010 GC heap after
Heap after GC invocations=821 (full 712):
 PSYoungGen      total 311296K, used 297471K [0x00000000d8100000, 0x00000000ec080000, 0x0000000100000000)
  eden space 297472K, 99% used [0x00000000d8100000,0x00000000ea37ffe0,0x00000000ea380000)
  from space 13824K, 0% used [0x00000000eb300000,0x00000000eb300000,0x00000000ec080000)
  to   space 14848K, 0% used [0x00000000ea380000,0x00000000ea380000,0x00000000eb200000)
 ParOldGen       total 1309696K, used 1309234K [0x0000000088200000, 0x00000000d8100000, 0x00000000d8100000)
  object space 1309696K, 99% used [0x0000000088200000,0x00000000d808c940,0x00000000d8100000)
 Metaspace       used 11929K, capacity 12148K, committed 12416K, reserved 1060864K
  class space    used 1234K, capacity 1301K, committed 1408K, reserved 1048576K
}
Event: 442.010 GC heap before
{Heap before GC invocations=822 (full 713):
 PSYoungGen      total 311296K, used 297472K [0x00000000d8100000, 0x00000000ec080000, 0x0000000100000000)
  eden space 297472K, 100% used [0x00000000d8100000,0x00000000ea380000,0x00000000ea380000)
  from space 13824K, 0% used [0x00000000eb300000,0x00000000eb300000,0x00000000ec080000)
  to   space 14848K, 0% used [0x00000000ea380000,0x00000000ea380000,0x00000000eb200000)
 ParOldGen       total 1309696K, used 1309234K [0x0000000088200000, 0x00000000d8100000, 0x00000000d8100000)
  object space 1309696K, 99% used [0x0000000088200000,0x00000000d808ca30,0x00000000d8100000)
 Metaspace       used 11929K, capacity 12148K, committed 12416K, reserved 1060864K
  class space    used 1234K, capacity 1301K, committed 1408K, reserved 1048576K
Event: 442.454 GC heap after
Heap after GC invocations=822 (full 713):
 PSYoungGen      total 311296K, used 297471K [0x00000000d8100000, 0x00000000ec080000, 0x0000000100000000)
  eden space 297472K, 99% used [0x00000000d8100000,0x00000000ea37ffc0,0x00000000ea380000)
  from space 13824K, 0% used [0x00000000eb300000,0x00000000eb300000,0x00000000ec080000)
  to   space 14848K, 0% used [0x00000000ea380000,0x00000000ea380000,0x00000000eb200000)
 ParOldGen       total 1309696K, used 1309234K [0x0000000088200000, 0x00000000d8100000, 0x00000000d8100000)
  object space 1309696K, 99% used [0x0000000088200000,0x00000000d808ca30,0x00000000d8100000)
 Metaspace       used 11929K, capacity 12148K, committed 12416K, reserved 1060864K
  class space    used 1234K, capacity 1301K, committed 1408K, reserved 1048576K
}

Deoptimization events (10 events):
Event: 20.202 Thread 0x00000000571d4000 Uncommon trap: reason=class_check action=maybe_recompile pc=0x0000000002911d64 method=java.util.Arrays.copyOf([Ljava/lang/Object;ILjava/lang/Class;)[Ljava/lang/Object; @ 24
Event: 20.216 Thread 0x00000000571d4000 Uncommon trap: reason=class_check action=maybe_recompile pc=0x000000000292d0fc method=java.util.Collections$UnmodifiableCollection.contains(Ljava/lang/Object;)Z @ 5
Event: 20.225 Thread 0x00000000571d4000 Uncommon trap: reason=class_check action=maybe_recompile pc=0x000000000292d0fc method=java.util.Collections$UnmodifiableCollection.contains(Ljava/lang/Object;)Z @ 5
Event: 20.230 Thread 0x00000000571d4000 Uncommon trap: reason=class_check action=maybe_recompile pc=0x000000000292d0fc method=java.util.Collections$UnmodifiableCollection.contains(Ljava/lang/Object;)Z @ 5
Event: 20.230 Thread 0x00000000571d4000 Uncommon trap: reason=class_check action=maybe_recompile pc=0x000000000292d0fc method=java.util.Collections$UnmodifiableCollection.contains(Ljava/lang/Object;)Z @ 5
Event: 71.117 Thread 0x000000005873e000 Uncommon trap: reason=array_check action=maybe_recompile pc=0x00000000029f3264 method=java.util.AbstractCollection.toArray([Ljava/lang/Object;)[Ljava/lang/Object; @ 119
Event: 71.117 Thread 0x000000005873e000 Uncommon trap: reason=array_check action=maybe_recompile pc=0x00000000029f3264 method=java.util.AbstractCollection.toArray([Ljava/lang/Object;)[Ljava/lang/Object; @ 119
Event: 71.118 Thread 0x000000005873e000 Uncommon trap: reason=array_check action=maybe_recompile pc=0x00000000029f3264 method=java.util.AbstractCollection.toArray([Ljava/lang/Object;)[Ljava/lang/Object; @ 119
Event: 71.502 Thread 0x000000005873e000 Uncommon trap: reason=array_check action=maybe_recompile pc=0x00000000029f3264 method=java.util.AbstractCollection.toArray([Ljava/lang/Object;)[Ljava/lang/Object; @ 119
Event: 373.039 Thread 0x0000000059ee0800 Uncommon trap: reason=unreached action=reinterpret pc=0x0000000002b88268 method=java.lang.ref.SoftReference.get()Ljava/lang/Object; @ 6

Internal exceptions (10 events):
Event: 20.801 Thread 0x000000005aafb000 Exception <a 'java/lang/ClassNotFoundException': javax/management/remote/rmi/RMIConnectionImpl_Skel> (0x00000000daea80b0) thrown at [D:\re\workspace\8-2-build-windows-amd64-cygwin\jdk8u25\1677\hotspot\src\share\vm\classfile\systemDictionary.cpp, line 202]
Event: 20.847 Thread 0x000000005aafb000 Exception <a 'java/lang/NoSuchMethodError': <clinit>> (0x00000000daf135a8) thrown at [D:\re\workspace\8-2-build-windows-amd64-cygwin\jdk8u25\1677\hotspot\src\share\vm\prims\jni.cpp, line 1603]
Event: 20.849 Thread 0x000000005aafb000 Exception <a 'java/lang/NoSuchMethodError': <clinit>> (0x00000000daf21130) thrown at [D:\re\workspace\8-2-build-windows-amd64-cygwin\jdk8u25\1677\hotspot\src\share\vm\prims\jni.cpp, line 1603]
Event: 20.849 Thread 0x000000005aafb000 Exception <a 'java/lang/NoSuchMethodError': <clinit>> (0x00000000daf21a48) thrown at [D:\re\workspace\8-2-build-windows-amd64-cygwin\jdk8u25\1677\hotspot\src\share\vm\prims\jni.cpp, line 1603]
Event: 20.857 Thread 0x000000005aafb000 Exception <a 'java/lang/NoSuchMethodError': <clinit>> (0x00000000dd26ce98) thrown at [D:\re\workspace\8-2-build-windows-amd64-cygwin\jdk8u25\1677\hotspot\src\share\vm\prims\jni.cpp, line 1603]
Event: 20.857 Thread 0x000000005aafb000 Exception <a 'java/lang/NoSuchMethodError': <clinit>> (0x00000000dd26da40) thrown at [D:\re\workspace\8-2-build-windows-amd64-cygwin\jdk8u25\1677\hotspot\src\share\vm\prims\jni.cpp, line 1603]
Event: 20.857 Thread 0x000000005aafb000 Exception <a 'java/lang/NoSuchMethodError': <clinit>> (0x00000000dd26e5b8) thrown at [D:\re\workspace\8-2-build-windows-amd64-cygwin\jdk8u25\1677\hotspot\src\share\vm\prims\jni.cpp, line 1603]
Event: 22.059 Thread 0x000000005aafb000 Exception <a 'java/lang/NoSuchMethodError': <clinit>> (0x00000000dc844a80) thrown at [D:\re\workspace\8-2-build-windows-amd64-cygwin\jdk8u25\1677\hotspot\src\share\vm\prims\jni.cpp, line 1603]
Event: 22.070 Thread 0x000000005aafb000 Exception <a 'java/lang/NoSuchMethodError': <clinit>> (0x00000000dc858590) thrown at [D:\re\workspace\8-2-build-windows-amd64-cygwin\jdk8u25\1677\hotspot\src\share\vm\prims\jni.cpp, line 1603]
Event: 427.076 Thread 0x0000000059ee1000 Exception <a 'java/net/SocketException': Software caused connection abort: recv failed> (0x00000000d808ed68) thrown at [D:\re\workspace\8-2-build-windows-amd64-cygwin\jdk8u25\1677\hotspot\src\share\vm\prims\jni.cpp, line 742]

Events (10 events):
Event: 440.234 Executing VM operation: ParallelGCFailedAllocation done
Event: 440.234 Executing VM operation: ParallelGCFailedAllocation
Event: 440.671 Executing VM operation: ParallelGCFailedAllocation done
Event: 440.671 Executing VM operation: ParallelGCFailedAllocation
Event: 441.114 Executing VM operation: ParallelGCFailedAllocation done
Event: 441.114 Executing VM operation: ParallelGCFailedAllocation
Event: 441.568 Executing VM operation: ParallelGCFailedAllocation done
Event: 441.568 Executing VM operation: ParallelGCFailedAllocation
Event: 442.010 Executing VM operation: ParallelGCFailedAllocation done
Event: 442.010 Executing VM operation: HeapDumper


Dynamic libraries:
0x000000013fa30000 - 0x000000013fa64000 	C:\Program Files\Java\jdk1.8.0_25\bin\javaw.exe
0x0000000077b50000 - 0x0000000077cf8000 	C:\Windows\SYSTEM32\ntdll.dll
0x0000000077930000 - 0x0000000077a4f000 	C:\Windows\system32\kernel32.dll
0x000007fefdaf0000 - 0x000007fefdb5c000 	C:\Windows\system32\KERNELBASE.dll
0x000007fefe570000 - 0x000007fefe64b000 	C:\Windows\system32\ADVAPI32.dll
0x000007fefe740000 - 0x000007fefe7df000 	C:\Windows\system32\msvcrt.dll
0x000007fefdcd0000 - 0x000007fefdcef000 	C:\Windows\SYSTEM32\sechost.dll
0x000007fefdfc0000 - 0x000007fefe0ed000 	C:\Windows\system32\RPCRT4.dll
0x0000000077a50000 - 0x0000000077b4a000 	C:\Windows\system32\USER32.dll
0x000007feff570000 - 0x000007feff5d7000 	C:\Windows\system32\GDI32.dll
0x000007fefe650000 - 0x000007fefe65e000 	C:\Windows\system32\LPK.dll
0x000007feff7f0000 - 0x000007feff8b9000 	C:\Windows\system32\USP10.dll
0x000007fefc350000 - 0x000007fefc544000 	C:\Windows\WinSxS\amd64_microsoft.windows.common-controls_6595b64144ccf1df_6.0.7601.17514_none_fa396087175ac9ac\COMCTL32.dll
0x000007fefdf40000 - 0x000007fefdfb1000 	C:\Windows\system32\SHLWAPI.dll
0x000007feffd90000 - 0x000007feffdbe000 	C:\Windows\system32\IMM32.DLL
0x000007feff990000 - 0x000007feffa99000 	C:\Windows\system32\MSCTF.dll
0x000000005fbd0000 - 0x000000005fca2000 	C:\Program Files\Java\jdk1.8.0_25\jre\bin\msvcr100.dll
0x0000000064e30000 - 0x000000006568a000 	C:\Program Files\Java\jdk1.8.0_25\jre\bin\server\jvm.dll
0x000007fef4100000 - 0x000007fef4109000 	C:\Windows\system32\WSOCK32.dll
0x000007feff940000 - 0x000007feff98d000 	C:\Windows\system32\WS2_32.dll
0x000007feffd80000 - 0x000007feffd88000 	C:\Windows\system32\NSI.dll
0x000007fefa830000 - 0x000007fefa86b000 	C:\Windows\system32\WINMM.dll
0x0000000077d20000 - 0x0000000077d27000 	C:\Windows\system32\PSAPI.DLL
0x000000006ca60000 - 0x000000006ca6f000 	C:\Program Files\Java\jdk1.8.0_25\jre\bin\verify.dll
0x000000006ca30000 - 0x000000006ca58000 	C:\Program Files\Java\jdk1.8.0_25\jre\bin\java.dll
0x000000006ca10000 - 0x000000006ca26000 	C:\Program Files\Java\jdk1.8.0_25\jre\bin\zip.dll
0x000007fefe7e0000 - 0x000007feff569000 	C:\Windows\system32\SHELL32.dll
0x000007feff5e0000 - 0x000007feff7e3000 	C:\Windows\system32\ole32.dll
0x000007fefd910000 - 0x000007fefd91f000 	C:\Windows\system32\profapi.dll
0x000000006c5b0000 - 0x000000006c5ca000 	C:\Program Files\Java\jdk1.8.0_25\jre\bin\net.dll
0x000007fefd0b0000 - 0x000007fefd105000 	C:\Windows\system32\mswsock.dll
0x000007fefd0a0000 - 0x000007fefd0a7000 	C:\Windows\System32\wship6.dll
0x000007fefcab0000 - 0x000007fefcab7000 	C:\Windows\System32\wshtcpip.dll
0x000007fefcf30000 - 0x000007fefcf8b000 	C:\Windows\system32\DNSAPI.dll
0x000007fefb510000 - 0x000007fefb537000 	C:\Windows\system32\IPHLPAPI.DLL
0x000007fefb4d0000 - 0x000007fefb4db000 	C:\Windows\system32\WINNSI.DLL
0x000007fef8920000 - 0x000007fef8928000 	C:\Windows\system32\rasadhlp.dll
0x000007fefb350000 - 0x000007fefb3a3000 	C:\Windows\System32\fwpuclnt.dll
0x000000006c210000 - 0x000000006c21d000 	C:\Program Files\Java\jdk1.8.0_25\jre\bin\management.dll
0x000000006c590000 - 0x000000006c5a1000 	C:\Program Files\Java\jdk1.8.0_25\jre\bin\nio.dll
0x000007fefd110000 - 0x000007fefd128000 	C:\Windows\system32\CRYPTSP.dll
0x000007fefce10000 - 0x000007fefce57000 	C:\Windows\system32\rsaenh.dll
0x000007fefdb60000 - 0x000007fefdb7e000 	C:\Windows\system32\USERENV.dll
0x000007fefd770000 - 0x000007fefd77f000 	C:\Windows\system32\CRYPTBASE.dll
0x000007fefb1d0000 - 0x000007fefb1e1000 	C:\Windows\system32\dhcpcsvc6.DLL
0x000007fefb040000 - 0x000007fefb058000 	C:\Windows\system32\dhcpcsvc.DLL
0x000007fefbba0000 - 0x000007fefbbb5000 	C:\Windows\system32\NLAapi.dll
0x000007fef7a30000 - 0x000007fef7a45000 	C:\Windows\system32\napinsp.dll
0x000007fef79f0000 - 0x000007fef7a09000 	C:\Windows\system32\pnrpnsp.dll
0x000007fefb280000 - 0x000007fefb28b000 	C:\Windows\System32\winrnr.dll
0x000007fef8260000 - 0x000007fef8385000 	C:\Windows\system32\dbghelp.dll

VM Arguments:
jvm_args: -Dfile.encoding=Cp1252 
java_command: MAIN.XmlToSqlParser
java_class_path (initial): C:\Users\Demosthenes\workspace\XmlToSqlParser\bin;C:\Users\Demosthenes\workspace\XmlToSqlParser\jars\mysql-connector-java-5.1.32-bin.jar
Launcher Type: SUN_STANDARD

Environment Variables:
PATH=C:/Program Files/Java/jdk1.8.0_25/jre/bin/server;C:/Program Files/Java/jdk1.8.0_25/jre/bin;C:/Program Files/Java/jdk1.8.0_25/jre/lib/amd64;C:/Program Files/Java/jdk1.8.0_25/bin/../jre/bin/server;C:/Program Files/Java/jdk1.8.0_25/bin/../jre/bin;C:/Program Files/Java/jdk1.8.0_25/bin/../jre/lib/amd64;C:\Program Files (x86)\Google\Chrome\Application;C:\ProgramData\Oracle\Java\javapath;C:\Windows\system32;C:\Windows;C:\Windows\System32\Wbem;C:\Windows\System32\WindowsPowerShell\v1.0\;C:\Program Files (x86)\Git\cmd;C:\Program Files\Microsoft SQL Server\Client SDK\ODBC\110\Tools\Binn\;C:\Program Files (x86)\Microsoft SQL Server\120\Tools\Binn\ManagementStudio\;C:\Program Files (x86)\Microsoft SQL Server\120\Tools\Binn\;C:\Program Files\Microsoft SQL Server\120\Tools\Binn\;C:\Program Files (x86)\Microsoft SQL Server\120\DTS\Binn\;C:\Program Files\Microsoft SQL Server\120\DTS\Binn\;C:\Program Files\Microsoft SQL Server\110\Tools\Binn\;C:\ProgramData\chocolatey\bin;;C:\Program Files (x86)\NVIDIA Corporation\PhysX\Common;C:\Python34\;C:\Python27\;C:\Program Files (x86)\SSH Communications Security\SSH Secure Shell;C:\Python34;C:\Python34\Scripts\;C:\tools\mysql\current\bin;;C:\Users\Demosthenes\Downloads;;C:\Users\Demosthenes\Downloads;
USERNAME=Demosthenes
OS=Windows_NT
PROCESSOR_IDENTIFIER=Intel64 Family 6 Model 42 Stepping 7, GenuineIntel



---------------  S Y S T E M  ---------------

OS: Windows 7 , 64 bit Build 7601 Service Pack 1

CPU:total 4 (2 cores per cpu, 2 threads per core) family 6 model 42 stepping 7, cmov, cx8, fxsr, mmx, sse, sse2, sse3, ssse3, sse4.1, sse4.2, popcnt, avx, clmul, ht, tsc, tscinvbit

Memory: 4k page, physical 7854404k(1937160k free), swap 15706956k(9264876k free)

vm_info: Java HotSpot(TM) 64-Bit Server VM (25.25-b02) for windows-amd64 JRE (1.8.0_25-b18), built on Oct  7 2014 14:25:37 by "java_re" with MS VC++ 10.0 (VS2010)

time: Fri Sep 25 21:38:08 2015
elapsed time: 442 seconds (0d 0h 7m 22s)

